0 info it worked if it ends with ok
1 verbose cli [ 'C:\\Program Files\\nodejs\\node.exe',
1 verbose cli   'C:\\Users\\JP\\AppData\\Roaming\\npm\\node_modules\\npm\\bin\\npm-cli.js',
1 verbose cli   'start' ]
2 info using npm@4.0.5
3 info using node@v6.10.0
4 verbose run-script [ 'prestart', 'start', 'poststart' ]
5 info lifecycle marko-starter-kit@1.0.0~prestart: marko-starter-kit@1.0.0
6 silly lifecycle marko-starter-kit@1.0.0~prestart: no script for prestart, continuing
7 info lifecycle marko-starter-kit@1.0.0~start: marko-starter-kit@1.0.0
8 verbose lifecycle marko-starter-kit@1.0.0~start: unsafe-perm in lifecycle true
9 verbose lifecycle marko-starter-kit@1.0.0~start: PATH: C:\Users\JP\AppData\Roaming\npm\node_modules\npm\bin\node-gyp-bin;C:\open-source\marko-starter-kit\node_modules\.bin;C:\ProgramData\Oracle\Java\javapath;C:\Python27\;C:\Python27\Scripts;C:\WINDOWS\system32;C:\WINDOWS;C:\WINDOWS\System32\Wbem;C:\WINDOWS\System32\WindowsPowerShell\v1.0\;C:\Users\JP\.dnx\bin;C:\Program Files\Microsoft DNX\Dnvm\;C:\Program Files (x86)\Windows Kits\8.1\Windows Performance Toolkit\;C:\Program Files\Microsoft SQL Server\120\Tools\Binn\;d:\Program Files\Git\cmd;C:\Program Files (x86)\CMake\bin;C:\Program Files\Java\jdk1.8.0_101\bin;C:\Program Files\TortoiseSVN\bin;C:\phantomjs-2.1.1\bin;F:\Software\Redis-x64-2.8.2400;C:\ProgramData\chocolatey\bin;D:\android-sdk\tools;D:\android-sdk\platform-tools;C:\Program Files\nodejs\;C:\Users\JP\AppData\Local\atom\bin;C:\Ruby22\bin;C:\Users\JP\AppData\Local\Microsoft\WindowsApps;C:\Users\JP\AppData\Local\.meteor\;C:\Users\JP\AppData\Roaming\npm;C:\Users\JP\AppData\Local\atom\bin
10 verbose lifecycle marko-starter-kit@1.0.0~start: CWD: C:\open-source\marko-starter-kit
11 silly lifecycle marko-starter-kit@1.0.0~start: Args: [ '/d /s /c',
11 silly lifecycle   'cross-env NODE_ENV=development babel-node ./tools/run start' ]
12 verbose stack Error: kill ENOSYS
12 verbose stack     at exports._errnoException (util.js:1022:11)
12 verbose stack     at process.kill (internal/process.js:172:13)
12 verbose stack     at process.listener (C:\Users\JP\AppData\Roaming\npm\node_modules\npm\node_modules\npmlog\node_modules\gauge\node_modules\signal-exit\index.js:86:15)
12 verbose stack     at emitNone (events.js:91:20)
12 verbose stack     at process.emit (events.js:185:7)
12 verbose stack     at processEmit (C:\Users\JP\AppData\Roaming\npm\node_modules\npm\node_modules\npmlog\node_modules\gauge\node_modules\signal-exit\index.js:146:32)
12 verbose stack     at processEmit (C:\Users\JP\AppData\Roaming\npm\node_modules\npm\node_modules\npm-registry-client\node_modules\npmlog\node_modules\gauge\node_modules\signal-exit\index.js:146:32)
12 verbose stack     at Signal.wrap.onsignal (internal/process.js:199:44)
13 verbose cwd C:\open-source\marko-starter-kit
14 error Windows_NT 10.0.14393
15 error argv "C:\\Program Files\\nodejs\\node.exe" "C:\\Users\\JP\\AppData\\Roaming\\npm\\node_modules\\npm\\bin\\npm-cli.js" "start"
16 error node v6.10.0
17 error npm  v4.0.5
18 error code ENOSYS
19 error errno ENOSYS
20 error syscall kill
21 error kill ENOSYS
22 error If you need help, you may report this error at:
22 error     <https://github.com/npm/npm/issues>
23 verbose exit [ 1, true ]
